{
  "0 debug pnpm:scope": {
    "selected": 1,
    "workspacePrefix": "/home/marcelle/workspace/weinfreunde"
  },
  "1 error pnpm": {
    "errno": 127,
    "code": "ELIFECYCLE",
    "pkgid": "ngx-composer@1.0.0",
    "stage": "watch",
    "script": "ncc build src/index.ts -w -o ./dist -e fs-extra",
    "pkgname": "ngx-composer",
    "err": {
      "name": "Error",
      "message": "ngx-composer@1.0.0 watch: `ncc build src/index.ts -w -o ./dist -e fs-extra`\nExit status 127",
      "code": "ELIFECYCLE",
      "stack": "Error: ngx-composer@1.0.0 watch: `ncc build src/index.ts -w -o ./dist -e fs-extra`\nExit status 127\n    at /usr/local/pnpm-global/5/node_modules/.pnpm/pnpm@6.10.3/node_modules/pnpm/dist/pnpm.cjs:104657:22\n    at processTicksAndRejections (internal/process/task_queues.js:93:5)"
    }
  }
}